<?xml version="1.0" encoding="UTF-8"?>
<testng-results ignored="0" total="1" passed="1" failed="0" skipped="0">
  <reporter-output>
  </reporter-output>
  <suite started-at="2022-04-25T14:16:18 PKT" name="Default suite" finished-at="2022-04-25T14:16:21 PKT" duration-ms="2052">
    <groups>
    </groups>
    <test started-at="2022-04-25T14:16:18 PKT" name="Default test" finished-at="2022-04-25T14:16:21 PKT" duration-ms="2052">
      <class name="tests.JSONSchemaValidator">
        <test-method signature="Get()[pri:0, instance:tests.JSONSchemaValidator@69997e9d]" started-at="2022-04-25T14:16:18 PKT" name="Get" finished-at="2022-04-25T14:16:21 PKT" duration-ms="2022" status="PASS">
          <reporter-output>
          </reporter-output>
        </test-method> <!-- Get -->
      </class> <!-- tests.JSONSchemaValidator -->
    </test> <!-- Default test -->
  </suite> <!-- Default suite -->
</testng-results>
